<?xml version="1.0" encoding="UTF-8"?>
<!-- Generated by org.testng.reporters.JUnitReportReporter -->
<testsuite skipped="0" hostname="DESKTOP-3R73L8V" name="com.nopcommerce.testCases.TC_LoginDDT_002" tests="4" failures="0" timestamp="2020-10-20T06:59:01 IST" time="23.216" errors="0">
  <testcase name="loginTestDDt" time="1.968" classname="com.nopcommerce.testCases.TC_LoginDDT_002"/>
  <system-out/>
  <testcase name="loginTestDDt" time="17.371" classname="com.nopcommerce.testCases.TC_LoginDDT_002"/>
  <system-out/>
  <testcase name="loginTestDDt" time="1.931" classname="com.nopcommerce.testCases.TC_LoginDDT_002"/>
  <system-out/>
  <testcase name="loginTestDDt" time="1.946" classname="com.nopcommerce.testCases.TC_LoginDDT_002"/>
  <system-out/>
</testsuite> <!-- com.nopcommerce.testCases.TC_LoginDDT_002 -->
