<?xml version="1.0" encoding="UTF-8"?>
<!-- Generated by org.testng.reporters.JUnitReportReporter -->
<testsuite hostname="DESKTOP-PAGKN9I" failures="0" tests="1" name="com.nopcommerce_app.testCases.TC_michalkor_002" time="24.648" errors="0" timestamp="2020-12-23T21:27:25 PKT" skipped="0">
  <testcase classname="com.nopcommerce_app.testCases.TC_michalkor_002" name="loginTest" time="24.648"/>
  <system-out/>
</testsuite> <!-- com.nopcommerce_app.testCases.TC_michalkor_002 -->
