<?xml version="1.0" encoding="UTF-8"?>
<!-- Generated by org.testng.reporters.JUnitReportReporter -->
<testsuite hostname="DESKTOP-PAGKN9I" failures="0" tests="3" name="com.nopcommerce_app.testCases.TC_LoginTest_001" time="85.368" errors="0" timestamp="2020-11-25T23:01:16 PKT" skipped="0">
  <testcase classname="com.nopcommerce_app.testCases.TC_LoginTest_001" name="loginTest" time="30.454"/>
  <system-out/>
  <testcase classname="com.nopcommerce_app.testCases.TC_LoginTest_001" name="loginTest" time="41.182"/>
  <system-out/>
  <testcase classname="com.nopcommerce_app.testCases.TC_LoginTest_001" name="loginTest" time="13.732"/>
  <system-out/>
</testsuite> <!-- com.nopcommerce_app.testCases.TC_LoginTest_001 -->
