<?xml version="1.0" encoding="UTF-8"?>
<!-- Generated by org.testng.reporters.JUnitReportReporter -->
<testsuite hostname="DESKTOP-PAGKN9I" failures="0" tests="1" name="com.nopcommerce_app.testCases.TC_LoginTest_001" time="15.879" errors="0" timestamp="2020-12-23T21:27:25 PKT" skipped="0">
  <testcase classname="com.nopcommerce_app.testCases.TC_LoginTest_001" name="loginTest" time="15.879"/>
  <system-out/>
</testsuite> <!-- com.nopcommerce_app.testCases.TC_LoginTest_001 -->
